<?xml version="1.0" encoding="UTF-8"?>
<!-- Generated by org.testng.reporters.JUnitReportReporter -->
<testsuite hostname="DESKTOP-UNNIIFI" failures="0" tests="2" name="rahulacademy.SeleniumTest" time="0.052" errors="0" timestamp="2022-05-02T19:16:57 TRT" skipped="0">
  <testcase classname="rahulacademy.SeleniumTest" name="BrowserAutomation" time="0.028"/>
  <system-out/>
  <testcase classname="rahulacademy.SeleniumTest" name="elementui" time="0.024"/>
  <system-out/>
</testsuite> <!-- rahulacademy.SeleniumTest -->
