<?xml version="1.0" encoding="UTF-8"?>
<!-- Generated by org.testng.reporters.JUnitReportReporter -->
<testsuite hostname="DESKTOP-UNNIIFI" failures="0" tests="2" name="rahulacademy.RESTAPITest" time="0.038" errors="0" timestamp="2022-05-02T19:16:57 TRT" skipped="0">
  <testcase classname="rahulacademy.RESTAPITest" name="deleteTwitter" time="0.034"/>
  <system-out/>
  <testcase classname="rahulacademy.RESTAPITest" name="postJira" time="0.004"/>
  <system-out/>
</testsuite> <!-- rahulacademy.RESTAPITest -->
