<?xml version="1.0" encoding="UTF-8"?>
<!-- Generated by org.testng.reporters.JUnitReportReporter -->
<testsuite hostname="DESKTOP-UNNIIFI" failures="0" tests="2" name="rahulacademy.AppiumTest" time="0.055" errors="0" timestamp="2022-05-02T19:16:57 TRT" skipped="0">
  <testcase classname="rahulacademy.AppiumTest" name="IosApp" time="0.046"/>
  <system-out/>
  <testcase classname="rahulacademy.AppiumTest" name="NativeApp" time="0.009"/>
  <system-out/>
</testsuite> <!-- rahulacademy.AppiumTest -->
