<?xml version="1.0" encoding="UTF-8"?>
<!-- Generated by org.testng.reporters.JUnitReportReporter -->
<testsuite hostname="DESKTOP-UNNIIFI" failures="0" tests="2" name="rahulacademy.SeleniumTest" time="0.002" errors="0" timestamp="2022-05-02T23:04:51 EET" skipped="0">
  <testcase classname="rahulacademy.SeleniumTest" name="elementui" time="0.001"/>
  <system-out/>
  <testcase classname="rahulacademy.SeleniumTest" name="BrowserAutomation" time="0.001"/>
  <system-out/>
</testsuite> <!-- rahulacademy.SeleniumTest -->
