<?xml version="1.0" encoding="UTF-8"?>
<!-- Generated by org.testng.reporters.JUnitReportReporter -->
<testsuite hostname="DESKTOP-UNNIIFI" failures="0" tests="2" name="rahulacademy.AppiumTest" time="0.002" errors="0" timestamp="2022-05-02T22:57:59 EET" skipped="0">
  <testcase classname="rahulacademy.AppiumTest" name="NativeApp" time="0.001"/>
  <system-out/>
  <testcase classname="rahulacademy.AppiumTest" name="IosApp" time="0.001"/>
  <system-out/>
</testsuite> <!-- rahulacademy.AppiumTest -->
