<?xml version="1.0" encoding="UTF-8"?>
<!-- Generated by org.testng.reporters.JUnitReportReporter -->
<testsuite hostname="DESKTOP-UNNIIFI" failures="0" tests="2" name="rahulacademy.RESTAPITest" time="0.028" errors="0" timestamp="2022-05-02T23:04:51 EET" skipped="0">
  <testcase classname="rahulacademy.RESTAPITest" name="deleteTwitter" time="0.027"/>
  <system-out/>
  <testcase classname="rahulacademy.RESTAPITest" name="postJira" time="0.001"/>
  <system-out/>
</testsuite> <!-- rahulacademy.RESTAPITest -->
